

Started GET "/" for ::1 at 2016-04-07 11:21:00 -0500
  [1m[36mActiveRecord::SchemaMigration Load (0.3ms)[0m  [1mSELECT "schema_migrations".* FROM "schema_migrations"[0m
Processing by HomeController#index as HTML
  [1m[35mUser Load (0.5ms)[0m  SELECT  "users".* FROM "users" WHERE "users"."id" = $1  ORDER BY "users"."id" ASC LIMIT 1  [["id", 5]]
  Rendered home/index.html.erb within layouts/application (22.2ms)
  Rendered home/_header.html.erb (1.0ms)
Completed 200 OK in 5259ms (Views: 5247.5ms | ActiveRecord: 2.9ms)


Started GET "/assets/application.self-2f41fad463be0dd4aad5b6a28e5cbba9808d235c9712eb92d54ebe95926bf053.css?body=1" for ::1 at 2016-04-07 11:21:06 -0500


Started GET "/" for ::1 at 2016-04-07 11:21:14 -0500
Processing by HomeController#index as HTML
  [1m[36mUser Load (0.3ms)[0m  [1mSELECT  "users".* FROM "users" WHERE "users"."id" = $1  ORDER BY "users"."id" ASC LIMIT 1[0m  [["id", 5]]
  Rendered home/index.html.erb within layouts/application (2.3ms)
  Rendered home/_header.html.erb (1.2ms)
Completed 200 OK in 76ms (Views: 75.3ms | ActiveRecord: 0.3ms)


Started GET "/zooms" for ::1 at 2016-04-07 11:21:16 -0500
Processing by ZoomsController#index as HTML
  [1m[35mZoom Load (0.5ms)[0m  SELECT "zooms".* FROM "zooms"
  Rendered zooms/index.html.erb within layouts/application (2.7ms)
  [1m[36mUser Load (0.3ms)[0m  [1mSELECT  "users".* FROM "users" WHERE "users"."id" = $1  ORDER BY "users"."id" ASC LIMIT 1[0m  [["id", 5]]
  Rendered home/_header.html.erb (1.8ms)
Completed 200 OK in 73ms (Views: 68.7ms | ActiveRecord: 1.4ms)


Started GET "/users/edit" for ::1 at 2016-04-07 11:21:17 -0500
Processing by Devise::RegistrationsController#edit as HTML
  [1m[35mUser Load (0.3ms)[0m  SELECT  "users".* FROM "users" WHERE "users"."id" = $1  ORDER BY "users"."id" ASC LIMIT 1  [["id", 5]]
  Rendered devise/registrations/edit.html.erb within layouts/application (36.5ms)
  Rendered home/_header.html.erb (0.4ms)
Completed 200 OK in 112ms (Views: 110.2ms | ActiveRecord: 0.3ms)


Started GET "/" for ::1 at 2016-04-07 11:21:18 -0500
Processing by HomeController#index as HTML
  [1m[36mUser Load (0.3ms)[0m  [1mSELECT  "users".* FROM "users" WHERE "users"."id" = $1  ORDER BY "users"."id" ASC LIMIT 1[0m  [["id", 5]]
  Rendered home/index.html.erb within layouts/application (1.7ms)
  Rendered home/_header.html.erb (0.9ms)
Completed 200 OK in 86ms (Views: 84.5ms | ActiveRecord: 0.3ms)
